<?xml version="1.0" encoding="UTF-8"?>
<!-- Generated by org.testng.reporters.JUnitReportReporter -->
<testsuite hostname="manish" failures="0" tests="1" name="TestScripts.SoundUpload" time="39.549" errors="0" timestamp="2025-03-18T13:07:52 IST" skipped="0">
  <testcase classname="TestScripts.SoundUpload" name="test__Upload_Image_In_QA" time="39.549"/>
</testsuite> <!-- TestScripts.SoundUpload -->
