<?xml version="1.0" encoding="UTF-8"?>
<!-- Generated by org.testng.reporters.JUnitReportReporter -->
<testsuite hostname="manish" failures="0" tests="1" name="demo.Demo" time="0.010" errors="0" timestamp="2025-03-31T10:39:15 IST" skipped="0">
  <testcase classname="demo.Demo" name="print" time="0.010"/>
  <system-out/>
</testsuite> <!-- demo.Demo -->
