<?xml version="1.0" encoding="UTF-8"?>
<!-- Generated by org.testng.reporters.JUnitReportReporter -->
<testsuite hostname="manish" failures="0" tests="7" name="HomePage_TestScripts.Home_TestCases" time="27.686" errors="0" timestamp="2025-03-31T14:41:57 IST" skipped="0">
  <testcase classname="HomePage_TestScripts.Home_TestCases" name="Verify_Join_Game_Button" time="3.388"/>
  <system-out/>
  <testcase classname="HomePage_TestScripts.Home_TestCases" name="Verify_Blogs_Button" time="1.838"/>
  <system-out/>
  <testcase classname="HomePage_TestScripts.Home_TestCases" name="Verify_feature_Button1" time="9.429"/>
  <system-out/>
  <testcase classname="HomePage_TestScripts.Home_TestCases" name="Verify_Plans_Button" time="2.271"/>
  <system-out/>
  <testcase classname="HomePage_TestScripts.Home_TestCases" name="Verify_feature_Button" time="4.014"/>
  <system-out/>
  <testcase classname="HomePage_TestScripts.Home_TestCases" name="Verify_Science_Game_Button" time="3.435"/>
  <system-out/>
  <testcase classname="HomePage_TestScripts.Home_TestCases" name="Verify_Math_Game_Button" time="3.311"/>
  <system-out/>
</testsuite> <!-- HomePage_TestScripts.Home_TestCases -->
