<?xml version="1.0" encoding="UTF-8"?>
<!-- Generated by org.testng.reporters.JUnitReportReporter -->
<testsuite hostname="manish" failures="0" tests="1" name="TestScripts.CreateGameTestCases" time="53.222" errors="0" timestamp="2025-02-20T17:30:51 IST" skipped="0">
  <testcase classname="TestScripts.CreateGameTestCases" name="Verify_Upload_Image_For_A_Question" time="53.222"/>
</testsuite> <!-- TestScripts.CreateGameTestCases -->
