<?xml version="1.0" encoding="UTF-8"?>
<!-- Generated by org.testng.reporters.JUnitReportReporter -->
<testsuite hostname="manish" failures="0" tests="7" name="HomePage_TestScripts.Home_TestCases" time="27.128" errors="0" timestamp="2025-03-31T18:34:18 IST" skipped="0">
  <testcase classname="HomePage_TestScripts.Home_TestCases" name="Verify_Blogs_Button" time="2.009"/>
  <testcase classname="HomePage_TestScripts.Home_TestCases" name="Verify_feature_Button" time="4.387"/>
  <testcase classname="HomePage_TestScripts.Home_TestCases" name="Verify_Plans_Button" time="1.960"/>
  <testcase classname="HomePage_TestScripts.Home_TestCases" name="Verify_Science_Game_Button" time="3.388"/>
  <testcase classname="HomePage_TestScripts.Home_TestCases" name="Verify_Join_Game_Button" time="3.397"/>
  <testcase classname="HomePage_TestScripts.Home_TestCases" name="Verify_Math_Game_Button" time="3.228"/>
  <testcase classname="HomePage_TestScripts.Home_TestCases" name="Verify_feature_Button1" time="8.759"/>
</testsuite> <!-- HomePage_TestScripts.Home_TestCases -->
