<?xml version="1.0" encoding="UTF-8"?>
<!-- Generated by org.testng.reporters.JUnitReportReporter -->
<testsuite hostname="manish" failures="0" tests="7" name="HomePage_TestScripts.Home_TestCases" time="28.666" errors="0" timestamp="2025-03-31T18:54:57 IST" skipped="0">
  <testcase classname="HomePage_TestScripts.Home_TestCases" name="Verify_Science_Game_Button" time="3.357"/>
  <testcase classname="HomePage_TestScripts.Home_TestCases" name="Verify_Blogs_Button" time="1.872"/>
  <testcase classname="HomePage_TestScripts.Home_TestCases" name="Verify_Join_Game_Button" time="3.598"/>
  <testcase classname="HomePage_TestScripts.Home_TestCases" name="Verify_Math_Game_Button" time="3.350"/>
  <testcase classname="HomePage_TestScripts.Home_TestCases" name="Verify_feature_Button1" time="8.884"/>
  <testcase classname="HomePage_TestScripts.Home_TestCases" name="Verify_Plans_Button" time="3.383"/>
  <testcase classname="HomePage_TestScripts.Home_TestCases" name="Verify_feature_Button" time="4.222"/>
</testsuite> <!-- HomePage_TestScripts.Home_TestCases -->
